Using pre-set license
Built from '2020.2/release' branch; Version is '2020.2.1f1 (270dd8c3da1c) revision 2559448'; Using compiler version '192528614'; Build Type 'Release'
OS: 'Windows 10  (10.0.0) 64bit' Language: 'ko' Physical Memory: 8094 MB
BatchMode: 1, IsHumanControllingUs: 0, StartBugReporterOnCrash: 0, Is64bit: 1, IsPro: 0

 COMMAND LINE ARGUMENTS:
D:\2020.2.1f1\Editor\Unity.exe
-adb2
-batchMode
-noUpm
-name
AssetImportWorker0
-projectPath
D:/unity project/Platfomer Example
-logFile
Logs/AssetImportWorker0.log
-srvPort
61245
Successfully changed project path to: D:/unity project/Platfomer Example
D:/unity project/Platfomer Example
Using Asset Import Pipeline V2.
Refreshing native plugins compatible for Editor in 48.75 ms, found 1 plugins.
Preloading 0 native plugins for Editor in 0.00 ms.
Initialize engine version: 2020.2.1f1 (270dd8c3da1c)
[Subsystems] Discovering subsystems at path D:/2020.2.1f1/Editor/Data/Resources/UnitySubsystems
[Subsystems] Discovering subsystems at path D:/unity project/Platfomer Example/Assets
GfxDevice: creating device client; threaded=0
Direct3D:
    Version:  Direct3D 11.0 [level 11.1]
    Renderer: NVIDIA GeForce GTX 960 (ID=0x1401)
    Vendor:   
    VRAM:     2007 MB
    Driver:   27.21.14.5671
Initialize mono
Mono path[0] = 'D:/2020.2.1f1/Editor/Data/Managed'
Mono path[1] = 'D:/2020.2.1f1/Editor/Data/MonoBleedingEdge/lib/mono/unityjit'
Mono config path = 'D:/2020.2.1f1/Editor/Data/MonoBleedingEdge/etc'
Using monoOptions --debugger-agent=transport=dt_socket,embedding=1,server=y,suspend=n,address=127.0.0.1:56052
Begin MonoManager ReloadAssembly
Registering precompiled unity dll's ...
Register platform support module: D:/2020.2.1f1/Editor/Data/PlaybackEngines/WindowsStandaloneSupport/UnityEditor.WindowsStandalone.Extensions.dll
Registered in 0.003151 seconds.
Native extension for WindowsStandalone target not found
Refreshing native plugins compatible for Editor in 47.01 ms, found 1 plugins.
Preloading 0 native plugins for Editor in 0.00 ms.
Invoked RoslynAnalysisRunner static constructor.
RoslynAnalysisRunner will not be running.
RoslynAnalysisRunner has terminated.
Mono: successfully reloaded assembly
- Completed reload, in  2.674 seconds
Platform modules already initialized, skipping
Registering precompiled user dll's ...
Registered in 0.001399 seconds.
Begin MonoManager ReloadAssembly
Native extension for WindowsStandalone target not found
Refreshing native plugins compatible for Editor in 74.28 ms, found 1 plugins.
Preloading 0 native plugins for Editor in 0.00 ms.
Invoked RoslynAnalysisRunner static constructor.
RoslynAnalysisRunner will not be running.
RoslynAnalysisRunner has terminated.
Mono: successfully reloaded assembly
- Completed reload, in  1.616 seconds
Platform modules already initialized, skipping
========================================================================
Worker process is ready to serve import requests
Launched and connected shader compiler UnityShaderCompiler.exe after 0.13 seconds
Refreshing native plugins compatible for Editor in 0.78 ms, found 1 plugins.
Preloading 0 native plugins for Editor in 0.00 ms.
Unloading 1787 Unused Serialized files (Serialized files now loaded: 0)
System memory in use before: 86.1 MB.
System memory in use after: 86.1 MB.

Unloading 24 unused Assets to reduce memory usage. Loaded Objects now: 2226.
Total: 2.565100 ms (FindLiveObjects: 0.274300 ms CreateObjectMapping: 0.126300 ms MarkObjects: 2.013700 ms  DeleteObjects: 0.148900 ms)

========================================================================
Received Import Request.
  path: Assets/Scenes
  artifactKey: Guid(2b3da163244790343bcf06b7ac7ad847) Importer(815301076,1909f56bfc062723c751e8b465ee728b)
Start importing Assets/Scenes using Guid(2b3da163244790343bcf06b7ac7ad847) Importer(815301076,1909f56bfc062723c751e8b465ee728b)  -> (artifact id: '0060b8c41350f7d6a657ff72b3bc1f1c') in 0.008736 seconds
  Import took 0.012837 seconds .

========================================================================
Received Import Request.
  Time since last request: 4.845841 seconds.
  path: Assets
  artifactKey: Guid(00000000000000001000000000000000) Importer(815301076,1909f56bfc062723c751e8b465ee728b)
Start importing Assets using Guid(00000000000000001000000000000000) Importer(815301076,1909f56bfc062723c751e8b465ee728b)  -> (artifact id: 'e1a2c4dac9df7c17871e19a3b74f0e9f') in 0.020879 seconds
  Import took 0.024732 seconds .

========================================================================
Received Import Request.
  Time since last request: 8.451149 seconds.
  path: Assets/Player
  artifactKey: Guid(015e5ee7a771922489b796ee1dd5da25) Importer(815301076,1909f56bfc062723c751e8b465ee728b)
Start importing Assets/Player using Guid(015e5ee7a771922489b796ee1dd5da25) Importer(815301076,1909f56bfc062723c751e8b465ee728b)  -> (artifact id: '95cb5b3ec0e9c2d91b7ecd34d1b476c6') in 0.006447 seconds
  Import took 0.011107 seconds .

========================================================================
Received Import Request.
  Time since last request: 32.230922 seconds.
  path: Assets/Sprite
  artifactKey: Guid(7c602599a80f8bb4f8c6bb4210cbe8ec) Importer(815301076,1909f56bfc062723c751e8b465ee728b)
Start importing Assets/Sprite using Guid(7c602599a80f8bb4f8c6bb4210cbe8ec) Importer(815301076,1909f56bfc062723c751e8b465ee728b)  -> (artifact id: 'ef3a79fa953f980580388812d51bdd99') in 0.007516 seconds
  Import took 0.013582 seconds .

========================================================================
Received Import Request.
  Time since last request: 0.001269 seconds.
  path: Assets/Sprite
  artifactKey: Guid(7c602599a80f8bb4f8c6bb4210cbe8ec) Importer(815301076,1909f56bfc062723c751e8b465ee728b)
Start importing Assets/Sprite using Guid(7c602599a80f8bb4f8c6bb4210cbe8ec) Importer(815301076,1909f56bfc062723c751e8b465ee728b)  -> (artifact id: 'ef3a79fa953f980580388812d51bdd99') in 0.007777 seconds
  Import took 0.012466 seconds .

AssetImportWorkerClient::OnTransportError - code=2 error=End of file
